09, 06, 2023 (10:12:33): Opening rpy file C:\Program Files (x86)\IBM\Rational\Rhapsody Modeler\7.5\Share\Properties\PredefinedTypes.sbs
09, 06, 2023 (10:12:34): 
 Started loading C:\Program Files (x86)\IBM\Rational\Rhapsody Modeler\7.5\Share\Properties\PredefinedTypes.sbs on Wednesday, September 06, 2023 (10:12:34).-

09, 06, 2023 (10:12:34): 

Starting inUnit resolution phase


09, 06, 2023 (10:12:34): 

Finished inUnit resolution phase


09, 06, 2023 (10:12:34): 
 Finished loading C:\Program Files (x86)\IBM\Rational\Rhapsody Modeler\7.5\Share\Properties\PredefinedTypes.sbs on Wednesday, September 06, 2023 (10:12:34).-

09, 06, 2023 (10:12:34): Opening rpy file C:\Program Files (x86)\IBM\Rational\Rhapsody Modeler\7.5\Share\Properties\PredefinedTypesC++.sbs
09, 06, 2023 (10:12:34): 
 Started loading C:\Program Files (x86)\IBM\Rational\Rhapsody Modeler\7.5\Share\Properties\PredefinedTypesC++.sbs on Wednesday, September 06, 2023 (10:12:34).-

09, 06, 2023 (10:12:34): 

Starting inUnit resolution phase


09, 06, 2023 (10:12:34): 

Finished inUnit resolution phase


09, 06, 2023 (10:12:34): 
 Finished loading C:\Program Files (x86)\IBM\Rational\Rhapsody Modeler\7.5\Share\Properties\PredefinedTypesC++.sbs on Wednesday, September 06, 2023 (10:12:34).-

09, 06, 2023 (10:12:34): Opening rpy file D:\CSC 340\PizzaOnlineOrderSystem\PizzaOnlineOrderSystem.rpy
09, 06, 2023 (10:12:34): 
 Started loading D:\CSC 340\PizzaOnlineOrderSystem\PizzaOnlineOrderSystem.rpy on Wednesday, September 06, 2023 (10:12:34).-

09, 06, 2023 (10:12:34): Opening rpy file D:\CSC 340\PizzaOnlineOrderSystem\PizzaOnlineOrderSystem_rpy\Default.sbs
09, 06, 2023 (10:12:34): 
 Started loading D:\CSC 340\PizzaOnlineOrderSystem\PizzaOnlineOrderSystem_rpy\Default.sbs on Wednesday, September 06, 2023 (10:12:34).-

09, 06, 2023 (10:12:34): 

Starting inUnit resolution phase


09, 06, 2023 (10:12:34): 

Finished inUnit resolution phase


09, 06, 2023 (10:12:34): 
 Finished loading D:\CSC 340\PizzaOnlineOrderSystem\PizzaOnlineOrderSystem_rpy\Default.sbs on Wednesday, September 06, 2023 (10:12:34).-

09, 06, 2023 (10:12:34): Opening rpy file D:\CSC 340\PizzaOnlineOrderSystem\PizzaOnlineOrderSystem_rpy\DefaultComponent.cmp
09, 06, 2023 (10:12:34): 
 Started loading D:\CSC 340\PizzaOnlineOrderSystem\PizzaOnlineOrderSystem_rpy\DefaultComponent.cmp on Wednesday, September 06, 2023 (10:12:34).-

09, 06, 2023 (10:12:34): 

Starting inUnit resolution phase


09, 06, 2023 (10:12:34): 

Finished inUnit resolution phase


09, 06, 2023 (10:12:34): 
 Finished loading D:\CSC 340\PizzaOnlineOrderSystem\PizzaOnlineOrderSystem_rpy\DefaultComponent.cmp on Wednesday, September 06, 2023 (10:12:34).-

09, 06, 2023 (10:12:34): 

Starting inUnit resolution phase


09, 06, 2023 (10:12:34): 

Finished inUnit resolution phase


09, 06, 2023 (10:12:34): 

Starting inUnit resolution phase


09, 06, 2023 (10:12:34): 

Finished inUnit resolution phase


09, 06, 2023 (10:12:34): 

Starting inUnit resolution phase


09, 06, 2023 (10:12:34): 

Finished inUnit resolution phase


09, 06, 2023 (10:12:34): 
 Finished loading D:\CSC 340\PizzaOnlineOrderSystem\PizzaOnlineOrderSystem.rpy on Wednesday, September 06, 2023 (10:12:34).-

09, 06, 2023 (10:12:34): Starting checks of EventsBaseID conflicts
09, 06, 2023 (10:12:34): Finished checks of EventsBaseID conflicts
09, 06, 2023 (10:12:34): End Log
